"blank"					"==========================="
"blank"					"#Valve_Movement_Title"
"blank"					"==========================="
"+forward"				"#Valve_Move_Forward"
"+back"					"#Valve_Move_Back"
"+left"					"#Valve_Turn_Left"
"+right"				"#Valve_Turn_Right"
"+moveleft"				"#Valve_Move_Left"
"+moveright"			"#Valve_Move_Right"
"+jump"					"#Valve_Jump"
"+duck"					"#Valve_Duck"
"+speed"				"#Valve_Walk"
"+use"					"#Valve_Use_Items"
"+moveup"				"#Valve_Swim_Up"
"+movedown"				"#Valve_Swim_Down"
"+lookup"				"#Valve_Look_Up"
"+lookdown"				"#Valve_Look_Down"
"centerview"			"#Valve_Look_Straight_Ahead"
"+strafe"				"#Valve_Strafe_Modifier"
"+mlook"				"#Valve_Mouse_Look_Modifier"
"+klook"				"#Valve_Keyboard_Look_Modifier"
"blank"					"==========================="
"blank"					"#Valve_Communication_Title"
"blank"					"==========================="
"+voicerecord"			"#Valve_Use_Voice_Communication"
"messagemode"			"#Valve_Chat_Message"
"messagemode2"			"#Valve_Team_Message"
"blank"					"==========================="
"blank"					"#Valve_Combat_Title"
"blank"					"==========================="
"+attack"				"#Valve_Primary_Attack"
"+attack2"				"#Valve_Secondary_Attack"
"+alt1"					"第三攻击(扔撬棍!)"
"+reload"				"#Valve_Reload_Weapon"
"impulse 100"			"#Valve_Flashlight"
"impulse 201"			"#Valve_Spray_Logo"
"slot1"					"#Valve_Weapon_Category_1"
"slot2"					"#Valve_Weapon_Category_2"
"slot3" 				"#Valve_Weapon_Category_3"
"slot4"					"#Valve_Weapon_Category_4"
"slot5"					"#Valve_Weapon_Category_5"
"slot6"					"#Valve_Weapon_Category_6"
"slot7"					"#Valve_Weapon_Category_7"
"slot8"					"#Valve_Weapon_Category_8"
"slot9"					"#Valve_Weapon_Category_9"
"slot10"				"#Valve_Weapon_Category_0"
"invprev"				"#Valve_Previous_Weapon"
"invnext"				"#Valve_Next_Weapon"
"lastinv"				"#Valve_Last_Weapon_Used"
"blank"					"==========================="
"blank"					"指令"
"blank"					"==========================="
"+commandmenu"			"打开指令菜单"
"votemenu"				"打开投票菜单"
"inventory"				"打开特殊物品菜单"
"medic"					"求救或呼叫医疗兵"
"grenade;npc_findcover"	"警告其他人寻找掩护"
"drop"					"丢出正在使用的武器"
"dropammo"				"丢出当前武器的弹药"
"dropsecammo"			"丢出当前武器的副弹药"
"stuck"					"尝试解除卡住"
"kill"					"自杀"
"sc_chasecam"			"切换第一/第三人称模式"
"missionbriefing"		"地图信息"
"servermotd"			"服务器信息"
"blank"					"==========================="
"blank"					"音频播放器"
"blank"					"==========================="
"mediaplayer"			"打开音频播放器"
"playmedia"				"播放音频"
"nextsong"				"播放下一音频"
"lastsong"				"播放上一音频"
"stopsong"				"停止播放音频/关闭音频播放器"
"blank"					"==========================="
"blank"					"与NPC的互动"
"blank"					"==========================="
"npc_return"			"来到我的位置!"
"npc_attackmytarget"	"攻击我指的目标!"
"npc_findcover"			"停止开火并寻找掩护!"
"npc_moveto"			"移动到我指向的地方!"
"blank"					"==========================="
"blank"					"#Valve_Miscellaneous_Title"
"blank"					"==========================="
"+showscores"			"#Valve_Display_Scores"
"snapshot"				"#Valve_Take_Screen_Shot"
"quit"					"#Valve_Quit_Game"
